<?xml version="1.0" encoding="UTF-8"?>
<testng-results ignored="0" total="4" passed="4" failed="0" skipped="0">
  <reporter-output>
  </reporter-output>
  <suite started-at="2026-03-25T07:33:38 IST" name="Default suite" finished-at="2026-03-25T07:33:38 IST" duration-ms="56">
    <groups>
    </groups>
    <test started-at="2026-03-25T07:33:38 IST" name="Default test" finished-at="2026-03-25T07:33:38 IST" duration-ms="56">
      <class name="buildersMaven.Test1">
        <test-method is-config="true" signature="beforeMethod()[pri:0, instance:buildersMaven.Test1@131774fe]" started-at="2026-03-25T07:33:38 IST" name="beforeMethod" finished-at="2026-03-25T07:33:38 IST" duration-ms="6" status="PASS">
          <reporter-output>
          </reporter-output>
        </test-method> <!-- beforeMethod -->
        <test-method signature="m1()[pri:0, instance:buildersMaven.Test1@131774fe]" started-at="2026-03-25T07:33:38 IST" name="m1" finished-at="2026-03-25T07:33:38 IST" duration-ms="6" status="PASS">
          <reporter-output>
          </reporter-output>
        </test-method> <!-- m1 -->
        <test-method is-config="true" signature="beforeMethod()[pri:0, instance:buildersMaven.Test1@131774fe]" started-at="2026-03-25T07:33:38 IST" name="beforeMethod" finished-at="2026-03-25T07:33:38 IST" duration-ms="0" status="PASS">
          <reporter-output>
          </reporter-output>
        </test-method> <!-- beforeMethod -->
        <test-method signature="m2()[pri:0, instance:buildersMaven.Test1@131774fe]" started-at="2026-03-25T07:33:38 IST" name="m2" finished-at="2026-03-25T07:33:38 IST" duration-ms="1" status="PASS">
          <reporter-output>
          </reporter-output>
        </test-method> <!-- m2 -->
        <test-method signature="m3()[pri:0, instance:buildersMaven.Test1@131774fe]" started-at="2026-03-25T07:33:38 IST" name="m3" finished-at="2026-03-25T07:33:38 IST" duration-ms="1" status="PASS">
          <reporter-output>
          </reporter-output>
        </test-method> <!-- m3 -->
        <test-method is-config="true" signature="beforeMethod()[pri:0, instance:buildersMaven.Test1@131774fe]" started-at="2026-03-25T07:33:38 IST" name="beforeMethod" finished-at="2026-03-25T07:33:38 IST" duration-ms="0" status="PASS">
          <reporter-output>
          </reporter-output>
        </test-method> <!-- beforeMethod -->
        <test-method signature="m4()[pri:1, instance:buildersMaven.Test1@131774fe]" started-at="2026-03-25T07:33:38 IST" name="m4" finished-at="2026-03-25T07:33:38 IST" duration-ms="2" status="PASS">
          <reporter-output>
          </reporter-output>
        </test-method> <!-- m4 -->
        <test-method is-config="true" signature="beforeMethod()[pri:0, instance:buildersMaven.Test1@131774fe]" started-at="2026-03-25T07:33:38 IST" name="beforeMethod" finished-at="2026-03-25T07:33:38 IST" duration-ms="0" status="PASS">
          <reporter-output>
          </reporter-output>
        </test-method> <!-- beforeMethod -->
      </class> <!-- buildersMaven.Test1 -->
    </test> <!-- Default test -->
  </suite> <!-- Default suite -->
</testng-results>
